This is pdfTeX, Version 3.141592653-2.6-1.40.26 (TeX Live 2025/dev/Debian) (preloaded format=pdflatex 2025.5.17)  18 NOV 2025 16:42
entering extended mode
 restricted \write18 enabled.
 file:line:error style messages enabled.
 %&-line parsing enabled.
**/home/frfr/Documents/Î¤Î·Î¼Î¼Ï…/Î”Î¹Ï€Î»Ï‰Î¼Î±Ï„Î¹ÎºÎ®/shared/report/report.tex
(/home/frfr/Documents/Î¤Î·Î¼Î¼Ï…/Î”Î¹Ï€Î»Ï‰Î¼Î±Ï„Î¹ÎºÎ®/shared/report/report.tex
LaTeX2e <2024-11-01> patch level 2
L3 programming layer <2025-01-18>
(/usr/share/texlive/texmf-dist/tex/latex/base/article.cls
Document Class: article 2024/06/29 v1.4n Standard LaTeX document class
(/usr/share/texlive/texmf-dist/tex/latex/base/size11.clo
File: size11.clo 2024/06/29 v1.4n Standard LaTeX file (size option)
)
\c@part=\count196
\c@section=\count197
\c@subsection=\count198
\c@subsubsection=\count199
\c@paragraph=\count266
\c@subparagraph=\count267
\c@figure=\count268
\c@table=\count269
\abovecaptionskip=\skip49
\belowcaptionskip=\skip50
\bibindent=\dimen141
) (/usr/share/texlive/texmf-dist/tex/latex/geometry/geometry.sty
Package: geometry 2020/01/02 v5.9 Page Geometry
 (/usr/share/texlive/texmf-dist/tex/latex/graphics/keyval.sty
Package: keyval 2022/05/29 v1.15 key=value parser (DPC)
\KV@toks@=\toks17
) (/usr/share/texlive/texmf-dist/tex/generic/iftex/ifvtex.sty
Package: ifvtex 2019/10/25 v1.7 ifvtex legacy package. Use iftex instead.
 (/usr/share/texlive/texmf-dist/tex/generic/iftex/iftex.sty
Package: iftex 2024/12/12 v1.0g TeX engine tests
))
\Gm@cnth=\count270
\Gm@cntv=\count271
\c@Gm@tempcnt=\count272
\Gm@bindingoffset=\dimen142
\Gm@wd@mp=\dimen143
\Gm@odd@mp=\dimen144
\Gm@even@mp=\dimen145
\Gm@layoutwidth=\dimen146
\Gm@layoutheight=\dimen147
\Gm@layouthoffset=\dimen148
\Gm@layoutvoffset=\dimen149
\Gm@dimlist=\toks18
) (/usr/share/texlive/texmf-dist/tex/latex/graphics/graphicx.sty
Package: graphicx 2021/09/16 v1.2d Enhanced LaTeX Graphics (DPC,SPQR)
 (/usr/share/texlive/texmf-dist/tex/latex/graphics/graphics.sty
Package: graphics 2024/08/06 v1.4g Standard LaTeX Graphics (DPC,SPQR)
 (/usr/share/texlive/texmf-dist/tex/latex/graphics/trig.sty
Package: trig 2023/12/02 v1.11 sin cos tan (DPC)
) (/usr/share/texlive/texmf-dist/tex/latex/graphics-cfg/graphics.cfg
File: graphics.cfg 2016/06/04 v1.11 sample graphics configuration
)
Package graphics Info: Driver file: pdftex.def on input line 106.
 (/usr/share/texlive/texmf-dist/tex/latex/graphics-def/pdftex.def
File: pdftex.def 2024/04/13 v1.2c Graphics/color driver for pdftex
))
\Gin@req@height=\dimen150
\Gin@req@width=\dimen151
) (/usr/share/texlive/texmf-dist/tex/generic/babel/babel.sty
Package: babel 2025/02/14 v25.4 The multilingual framework for pdfLaTeX, LuaLaTeX and XeLaTeX
\babel@savecnt=\count273
\U@D=\dimen152
\l@unhyphenated=\language90
 (/usr/share/texlive/texmf-dist/tex/generic/babel/txtbabel.def)
\bbl@readstream=\read2
\bbl@dirlevel=\count274
 (/usr/share/texlive/texmf-dist/tex/generic/babel-english/english.ldf
Language: english 2017/06/06 v3.3r English support from the babel system
Package babel Info: Hyphen rules for 'canadian' set to \l@english
(babel)             (\language0). Reported on input line 102.
Package babel Info: Hyphen rules for 'australian' set to \l@ukenglish
(babel)             (\language3). Reported on input line 105.
Package babel Info: Hyphen rules for 'newzealand' set to \l@ukenglish
(babel)             (\language3). Reported on input line 108.
) (/usr/share/texlive/texmf-dist/tex/generic/babel-greek/greek.ldf
Language: greek 2023/10/13 1.15 Greek support for the babel system
\bbl@monogreek=\count275
\bbl@polygreek=\count276
\bbl@ancientgreek=\count277
 (/usr/share/texlive/texmf-dist/tex/latex/greek-fontenc/lgrenc.def
File: lgrenc.def 2023-09-12 2.5 LGR Greek font encoding definitions
Now handling font encoding LGR ...
... processing UTF-8 mapping file for font encoding LGR
 (/usr/share/texlive/texmf-dist/tex/latex/greek-inputenc/lgrenc.dfu
File: lgrenc.dfu 2023-03-21 1.9 UTF-8 support for Greek
   defining Unicode char U+00A8 (decimal 168)
   defining Unicode char U+00AB (decimal 171)
   defining Unicode char U+00AF (decimal 175)
   defining Unicode char U+00B4 (decimal 180)
   defining Unicode char U+00B7 (decimal 183)
   defining Unicode char U+00BB (decimal 187)
   defining Unicode char U+0259 (decimal 601)
   defining Unicode char U+02D8 (decimal 728)
   defining Unicode char U+0374 (decimal 884)
   defining Unicode char U+0375 (decimal 885)
   defining Unicode char U+037A (decimal 890)
   defining Unicode char U+037E (decimal 894)
   defining Unicode char U+0384 (decimal 900)
   defining Unicode char U+0385 (decimal 901)
   defining Unicode char U+0386 (decimal 902)
   defining Unicode char U+0387 (decimal 903)
   defining Unicode char U+0388 (decimal 904)
   defining Unicode char U+0389 (decimal 905)
   defining Unicode char U+038A (decimal 906)
   defining Unicode char U+038C (decimal 908)
   defining Unicode char U+038E (decimal 910)
   defining Unicode char U+038F (decimal 911)
   defining Unicode char U+0390 (decimal 912)
   defining Unicode char U+0391 (decimal 913)
   defining Unicode char U+0392 (decimal 914)
   defining Unicode char U+0393 (decimal 915)
   defining Unicode char U+0394 (decimal 916)
   defining Unicode char U+0395 (decimal 917)
   defining Unicode char U+0396 (decimal 918)
   defining Unicode char U+0397 (decimal 919)
   defining Unicode char U+0398 (decimal 920)
   defining Unicode char U+0399 (decimal 921)
   defining Unicode char U+039A (decimal 922)
   defining Unicode char U+039B (decimal 923)
   defining Unicode char U+039C (decimal 924)
   defining Unicode char U+039D (decimal 925)
   defining Unicode char U+039E (decimal 926)
   defining Unicode char U+039F (decimal 927)
   defining Unicode char U+03A0 (decimal 928)
   defining Unicode char U+03A1 (decimal 929)
   defining Unicode char U+03A3 (decimal 931)
   defining Unicode char U+03A4 (decimal 932)
   defining Unicode char U+03A5 (decimal 933)
   defining Unicode char U+03A6 (decimal 934)
   defining Unicode char U+03A7 (decimal 935)
   defining Unicode char U+03A8 (decimal 936)
   defining Unicode char U+03A9 (decimal 937)
   defining Unicode char U+03AA (decimal 938)
   defining Unicode char U+03AB (decimal 939)
   defining Unicode char U+03AC (decimal 940)
   defining Unicode char U+03AD (decimal 941)
   defining Unicode char U+03AE (decimal 942)
   defining Unicode char U+03AF (decimal 943)
   defining Unicode char U+03B0 (decimal 944)
   defining Unicode char U+03B1 (decimal 945)
   defining Unicode char U+03B2 (decimal 946)
   defining Unicode char U+03B3 (decimal 947)
   defining Unicode char U+03B4 (decimal 948)
   defining Unicode char U+03B5 (decimal 949)
   defining Unicode char U+03B6 (decimal 950)
   defining Unicode char U+03B7 (decimal 951)
   defining Unicode char U+03B8 (decimal 952)
   defining Unicode char U+03B9 (decimal 953)
   defining Unicode char U+03BA (decimal 954)
   defining Unicode char U+03BB (decimal 955)
   defining Unicode char U+03BC (decimal 956)
   defining Unicode char U+03BD (decimal 957)
   defining Unicode char U+03BE (decimal 958)
   defining Unicode char U+03BF (decimal 959)
   defining Unicode char U+03C0 (decimal 960)
   defining Unicode char U+03C1 (decimal 961)
   defining Unicode char U+03C2 (decimal 962)
   defining Unicode char U+03C3 (decimal 963)
   defining Unicode char U+03C4 (decimal 964)
   defining Unicode char U+03C5 (decimal 965)
   defining Unicode char U+03C6 (decimal 966)
   defining Unicode char U+03C7 (decimal 967)
   defining Unicode char U+03C8 (decimal 968)
   defining Unicode char U+03C9 (decimal 969)
   defining Unicode char U+03CA (decimal 970)
   defining Unicode char U+03CB (decimal 971)
   defining Unicode char U+03CC (decimal 972)
   defining Unicode char U+03CD (decimal 973)
   defining Unicode char U+03CE (decimal 974)
   defining Unicode char U+03D0 (decimal 976)
   defining Unicode char U+03D1 (decimal 977)
   defining Unicode char U+03D5 (decimal 981)
   defining Unicode char U+03D6 (decimal 982)
   defining Unicode char U+03D8 (decimal 984)
   defining Unicode char U+03D9 (decimal 985)
   defining Unicode char U+03DA (decimal 986)
   defining Unicode char U+03DB (decimal 987)
   defining Unicode char U+03DC (decimal 988)
   defining Unicode char U+03DD (decimal 989)
   defining Unicode char U+03DE (decimal 990)
   defining Unicode char U+03DF (decimal 991)
   defining Unicode char U+03E0 (decimal 992)
   defining Unicode char U+03E1 (decimal 993)
   defining Unicode char U+03F0 (decimal 1008)
   defining Unicode char U+03F1 (decimal 1009)
   defining Unicode char U+03F4 (decimal 1012)
   defining Unicode char U+03F5 (decimal 1013)
   defining Unicode char U+1F00 (decimal 7936)
   defining Unicode char U+1F01 (decimal 7937)
   defining Unicode char U+1F02 (decimal 7938)
   defining Unicode char U+1F03 (decimal 7939)
   defining Unicode char U+1F04 (decimal 7940)
   defining Unicode char U+1F05 (decimal 7941)
   defining Unicode char U+1F06 (decimal 7942)
   defining Unicode char U+1F07 (decimal 7943)
   defining Unicode char U+1F08 (decimal 7944)
   defining Unicode char U+1F09 (decimal 7945)
   defining Unicode char U+1F0A (decimal 7946)
   defining Unicode char U+1F0B (decimal 7947)
   defining Unicode char U+1F0C (decimal 7948)
   defining Unicode char U+1F0D (decimal 7949)
   defining Unicode char U+1F0E (decimal 7950)
   defining Unicode char U+1F0F (decimal 7951)
   defining Unicode char U+1F10 (decimal 7952)
   defining Unicode char U+1F11 (decimal 7953)
   defining Unicode char U+1F12 (decimal 7954)
   defining Unicode char U+1F13 (decimal 7955)
   defining Unicode char U+1F14 (decimal 7956)
   defining Unicode char U+1F15 (decimal 7957)
   defining Unicode char U+1F18 (decimal 7960)
   defining Unicode char U+1F19 (decimal 7961)
   defining Unicode char U+1F1A (decimal 7962)
   defining Unicode char U+1F1B (decimal 7963)
   defining Unicode char U+1F1C (decimal 7964)
   defining Unicode char U+1F1D (decimal 7965)
   defining Unicode char U+1F20 (decimal 7968)
   defining Unicode char U+1F21 (decimal 7969)
   defining Unicode char U+1F22 (decimal 7970)
   defining Unicode char U+1F23 (decimal 7971)
   defining Unicode char U+1F24 (decimal 7972)
   defining Unicode char U+1F25 (decimal 7973)
   defining Unicode char U+1F26 (decimal 7974)
   defining Unicode char U+1F27 (decimal 7975)
   defining Unicode char U+1F28 (decimal 7976)
   defining Unicode char U+1F29 (decimal 7977)
   defining Unicode char U+1F2A (decimal 7978)
   defining Unicode char U+1F2B (decimal 7979)
   defining Unicode char U+1F2C (decimal 7980)
   defining Unicode char U+1F2D (decimal 7981)
   defining Unicode char U+1F2E (decimal 7982)
   defining Unicode char U+1F2F (decimal 7983)
   defining Unicode char U+1F30 (decimal 7984)
   defining Unicode char U+1F31 (decimal 7985)
   defining Unicode char U+1F32 (decimal 7986)
   defining Unicode char U+1F33 (decimal 7987)
   defining Unicode char U+1F34 (decimal 7988)
   defining Unicode char U+1F35 (decimal 7989)
   defining Unicode char U+1F36 (decimal 7990)
   defining Unicode char U+1F37 (decimal 7991)
   defining Unicode char U+1F38 (decimal 7992)
   defining Unicode char U+1F39 (decimal 7993)
   defining Unicode char U+1F3A (decimal 7994)
   defining Unicode char U+1F3B (decimal 7995)
   defining Unicode char U+1F3C (decimal 7996)
   defining Unicode char U+1F3D (decimal 7997)
   defining Unicode char U+1F3E (decimal 7998)
   defining Unicode char U+1F3F (decimal 7999)
   defining Unicode char U+1F40 (decimal 8000)
   defining Unicode char U+1F41 (decimal 8001)
   defining Unicode char U+1F42 (decimal 8002)
   defining Unicode char U+1F43 (decimal 8003)
   defining Unicode char U+1F44 (decimal 8004)
   defining Unicode char U+1F45 (decimal 8005)
   defining Unicode char U+1F48 (decimal 8008)
   defining Unicode char U+1F49 (decimal 8009)
   defining Unicode char U+1F4A (decimal 8010)
   defining Unicode char U+1F4B (decimal 8011)
   defining Unicode char U+1F4C (decimal 8012)
   defining Unicode char U+1F4D (decimal 8013)
   defining Unicode char U+1F50 (decimal 8016)
   defining Unicode char U+1F51 (decimal 8017)
   defining Unicode char U+1F52 (decimal 8018)
   defining Unicode char U+1F53 (decimal 8019)
   defining Unicode char U+1F54 (decimal 8020)
   defining Unicode char U+1F55 (decimal 8021)
   defining Unicode char U+1F56 (decimal 8022)
   defining Unicode char U+1F57 (decimal 8023)
   defining Unicode char U+1F59 (decimal 8025)
   defining Unicode char U+1F5B (decimal 8027)
   defining Unicode char U+1F5D (decimal 8029)
   defining Unicode char U+1F5F (decimal 8031)
   defining Unicode char U+1F60 (decimal 8032)
   defining Unicode char U+1F61 (decimal 8033)
   defining Unicode char U+1F62 (decimal 8034)
   defining Unicode char U+1F63 (decimal 8035)
   defining Unicode char U+1F64 (decimal 8036)
   defining Unicode char U+1F65 (decimal 8037)
   defining Unicode char U+1F66 (decimal 8038)
   defining Unicode char U+1F67 (decimal 8039)
   defining Unicode char U+1F68 (decimal 8040)
   defining Unicode char U+1F69 (decimal 8041)
   defining Unicode char U+1F6A (decimal 8042)
   defining Unicode char U+1F6B (decimal 8043)
   defining Unicode char U+1F6C (decimal 8044)
   defining Unicode char U+1F6D (decimal 8045)
   defining Unicode char U+1F6E (decimal 8046)
   defining Unicode char U+1F6F (decimal 8047)
   defining Unicode char U+1F70 (decimal 8048)
   defining Unicode char U+1F71 (decimal 8049)
   defining Unicode char U+1F72 (decimal 8050)
   defining Unicode char U+1F73 (decimal 8051)
   defining Unicode char U+1F74 (decimal 8052)
   defining Unicode char U+1F75 (decimal 8053)
   defining Unicode char U+1F76 (decimal 8054)
   defining Unicode char U+1F77 (decimal 8055)
   defining Unicode char U+1F78 (decimal 8056)
   defining Unicode char U+1F79 (decimal 8057)
   defining Unicode char U+1F7A (decimal 8058)
   defining Unicode char U+1F7B (decimal 8059)
   defining Unicode char U+1F7C (decimal 8060)
   defining Unicode char U+1F7D (decimal 8061)
   defining Unicode char U+1F80 (decimal 8064)
   defining Unicode char U+1F81 (decimal 8065)
   defining Unicode char U+1F82 (decimal 8066)
   defining Unicode char U+1F83 (decimal 8067)
   defining Unicode char U+1F84 (decimal 8068)
   defining Unicode char U+1F85 (decimal 8069)
   defining Unicode char U+1F86 (decimal 8070)
   defining Unicode char U+1F87 (decimal 8071)
   defining Unicode char U+1F88 (decimal 8072)
   defining Unicode char U+1F89 (decimal 8073)
   defining Unicode char U+1F8A (decimal 8074)
   defining Unicode char U+1F8B (decimal 8075)
   defining Unicode char U+1F8C (decimal 8076)
   defining Unicode char U+1F8D (decimal 8077)
   defining Unicode char U+1F8E (decimal 8078)
   defining Unicode char U+1F8F (decimal 8079)
   defining Unicode char U+1F90 (decimal 8080)
   defining Unicode char U+1F91 (decimal 8081)
   defining Unicode char U+1F92 (decimal 8082)
   defining Unicode char U+1F93 (decimal 8083)
   defining Unicode char U+1F94 (decimal 8084)
   defining Unicode char U+1F95 (decimal 8085)
   defining Unicode char U+1F96 (decimal 8086)
   defining Unicode char U+1F97 (decimal 8087)
   defining Unicode char U+1F98 (decimal 8088)
   defining Unicode char U+1F99 (decimal 8089)
   defining Unicode char U+1F9A (decimal 8090)
   defining Unicode char U+1F9B (decimal 8091)
   defining Unicode char U+1F9C (decimal 8092)
   defining Unicode char U+1F9D (decimal 8093)
   defining Unicode char U+1F9E (decimal 8094)
   defining Unicode char U+1F9F (decimal 8095)
   defining Unicode char U+1FA0 (decimal 8096)
   defining Unicode char U+1FA1 (decimal 8097)
   defining Unicode char U+1FA2 (decimal 8098)
   defining Unicode char U+1FA3 (decimal 8099)
   defining Unicode char U+1FA4 (decimal 8100)
   defining Unicode char U+1FA5 (decimal 8101)
   defining Unicode char U+1FA6 (decimal 8102)
   defining Unicode char U+1FA7 (decimal 8103)
   defining Unicode char U+1FA8 (decimal 8104)
   defining Unicode char U+1FA9 (decimal 8105)
   defining Unicode char U+1FAA (decimal 8106)
   defining Unicode char U+1FAB (decimal 8107)
   defining Unicode char U+1FAC (decimal 8108)
   defining Unicode char U+1FAD (decimal 8109)
   defining Unicode char U+1FAE (decimal 8110)
   defining Unicode char U+1FAF (decimal 8111)
   defining Unicode char U+1FB0 (decimal 8112)
   defining Unicode char U+1FB1 (decimal 8113)
   defining Unicode char U+1FB2 (decimal 8114)
   defining Unicode char U+1FB3 (decimal 8115)
   defining Unicode char U+1FB4 (decimal 8116)
   defining Unicode char U+1FB6 (decimal 8118)
   defining Unicode char U+1FB7 (decimal 8119)
   defining Unicode char U+1FB8 (decimal 8120)
   defining Unicode char U+1FB9 (decimal 8121)
   defining Unicode char U+1FBA (decimal 8122)
   defining Unicode char U+1FBB (decimal 8123)
   defining Unicode char U+1FBC (decimal 8124)
   defining Unicode char U+1FBD (decimal 8125)
   defining Unicode char U+1FBE (decimal 8126)
   defining Unicode char U+1FBF (decimal 8127)
   defining Unicode char U+1FC0 (decimal 8128)
   defining Unicode char U+1FC1 (decimal 8129)
   defining Unicode char U+1FC2 (decimal 8130)
   defining Unicode char U+1FC3 (decimal 8131)
   defining Unicode char U+1FC4 (decimal 8132)
   defining Unicode char U+1FC6 (decimal 8134)
   defining Unicode char U+1FC7 (decimal 8135)
   defining Unicode char U+1FC8 (decimal 8136)
   defining Unicode char U+1FC9 (decimal 8137)
   defining Unicode char U+1FCA (decimal 8138)
   defining Unicode char U+1FCB (decimal 8139)
   defining Unicode char U+1FCC (decimal 8140)
   defining Unicode char U+1FCD (decimal 8141)
   defining Unicode char U+1FCE (decimal 8142)
   defining Unicode char U+1FCF (decimal 8143)
   defining Unicode char U+1FD0 (decimal 8144)
   defining Unicode char U+1FD1 (decimal 8145)
   defining Unicode char U+1FD2 (decimal 8146)
   defining Unicode char U+1FD3 (decimal 8147)
   defining Unicode char U+1FD6 (decimal 8150)
   defining Unicode char U+1FD7 (decimal 8151)
   defining Unicode char U+1FD8 (decimal 8152)
   defining Unicode char U+1FD9 (decimal 8153)
   defining Unicode char U+1FDA (decimal 8154)
   defining Unicode char U+1FDB (decimal 8155)
   defining Unicode char U+1FDD (decimal 8157)
   defining Unicode char U+1FDE (decimal 8158)
   defining Unicode char U+1FDF (decimal 8159)
   defining Unicode char U+1FE0 (decimal 8160)
   defining Unicode char U+1FE1 (decimal 8161)
   defining Unicode char U+1FE2 (decimal 8162)
   defining Unicode char U+1FE3 (decimal 8163)
   defining Unicode char U+1FE4 (decimal 8164)
   defining Unicode char U+1FE5 (decimal 8165)
   defining Unicode char U+1FE6 (decimal 8166)
   defining Unicode char U+1FE7 (decimal 8167)
   defining Unicode char U+1FE8 (decimal 8168)
   defining Unicode char U+1FE9 (decimal 8169)
   defining Unicode char U+1FEA (decimal 8170)
   defining Unicode char U+1FEB (decimal 8171)
   defining Unicode char U+1FEC (decimal 8172)
   defining Unicode char U+1FED (decimal 8173)
   defining Unicode char U+1FEE (decimal 8174)
   defining Unicode char U+1FEF (decimal 8175)
   defining Unicode char U+1FF2 (decimal 8178)
   defining Unicode char U+1FF3 (decimal 8179)
   defining Unicode char U+1FF4 (decimal 8180)
   defining Unicode char U+1FF6 (decimal 8182)
   defining Unicode char U+1FF7 (decimal 8183)
   defining Unicode char U+1FF8 (decimal 8184)
   defining Unicode char U+1FF9 (decimal 8185)
   defining Unicode char U+1FFA (decimal 8186)
   defining Unicode char U+1FFB (decimal 8187)
   defining Unicode char U+1FFC (decimal 8188)
   defining Unicode char U+1FFD (decimal 8189)
   defining Unicode char U+1FFE (decimal 8190)
   defining Unicode char U+2013 (decimal 8211)
   defining Unicode char U+2014 (decimal 8212)
   defining Unicode char U+2018 (decimal 8216)
   defining Unicode char U+2019 (decimal 8217)
   defining Unicode char U+201A (decimal 8218)
   defining Unicode char U+2030 (decimal 8240)
   defining Unicode char U+2039 (decimal 8249)
   defining Unicode char U+203A (decimal 8250)
   defining Unicode char U+20AC (decimal 8364)
   defining Unicode char U+2126 (decimal 8486)
   defining Unicode char U+10144 (decimal 65860)
   defining Unicode char U+10145 (decimal 65861)
   defining Unicode char U+10146 (decimal 65862)
   defining Unicode char U+10147 (decimal 65863)
) (/usr/share/texlive/texmf-dist/tex/latex/greek-fontenc/greek-fontenc.def
File: greek-fontenc.def 2023-09-12 2.5 Common Greek font encoding definitions
)))) (/usr/share/texlive/texmf-dist/tex/generic/babel/locale/el/babel-greek.tex
Package babel Info: Importing font and identification data for greek
(babel)             from babel-el.ini. Reported on input line 11.
) (/usr/share/texlive/texmf-dist/tex/generic/babel/locale/en/babel-english.tex
Package babel Info: Importing font and identification data for english
(babel)             from babel-en.ini. Reported on input line 11.
) (/usr/share/texlive/texmf-dist/tex/generic/mathabx/mathabx.sty
Package: mathabx 2003/07/29 v0.0 Non-standard LaTeX package mathabx
\symmatha=\mathgroup4
\symmathb=\mathgroup5
\symmathx=\mathgroup6
 (/usr/share/texlive/texmf-dist/tex/generic/mathabx/mathabx.dcl
LaTeX Font Info:    Redeclaring math symbol \cdotp on input line 25.
LaTeX Font Info:    Redeclaring math symbol \times on input line 33.
LaTeX Font Info:    Redeclaring math symbol \div on input line 34.
LaTeX Font Info:    Redeclaring math symbol \cdot on input line 35.
LaTeX Font Info:    Redeclaring math symbol \circ on input line 36.
LaTeX Font Info:    Redeclaring math symbol \ast on input line 38.
LaTeX Font Info:    Redeclaring math symbol \pm on input line 41.
LaTeX Font Info:    Redeclaring math symbol \mp on input line 42.
LaTeX Font Info:    Redeclaring math symbol \diamond on input line 45.
LaTeX Font Info:    Redeclaring math symbol \bullet on input line 46.
LaTeX Font Info:    Redeclaring math symbol \star on input line 47.
LaTeX Font Info:    Redeclaring math symbol \amalg on input line 51.
LaTeX Font Info:    Redeclaring math symbol \equiv on input line 83.
LaTeX Font Info:    Redeclaring math symbol \sim on input line 84.
LaTeX Font Info:    Redeclaring math symbol \approx on input line 85.
LaTeX Font Info:    Redeclaring math symbol \simeq on input line 86.
LaTeX Font Info:    Redeclaring math symbol \asymp on input line 89.
LaTeX Font Info:    Redeclaring math symbol \neg on input line 134.
LaTeX Font Info:    Redeclaring math symbol \ll on input line 136.
LaTeX Font Info:    Redeclaring math symbol \gg on input line 137.
LaTeX Font Info:    Redeclaring math symbol \vdash on input line 139.
LaTeX Font Info:    Redeclaring math symbol \dashv on input line 140.
LaTeX Font Info:    Redeclaring math symbol \flat on input line 158.
LaTeX Font Info:    Redeclaring math symbol \natural on input line 159.
LaTeX Font Info:    Redeclaring math symbol \sharp on input line 160.
LaTeX Font Info:    Redeclaring math symbol \infty on input line 161.
LaTeX Font Info:    Redeclaring math symbol \propto on input line 162.
LaTeX Font Info:    Redeclaring math symbol \dagger on input line 163.
LaTeX Font Info:    Redeclaring math symbol \ddagger on input line 164.
LaTeX Font Info:    Redeclaring math symbol \smile on input line 171.
LaTeX Font Info:    Redeclaring math symbol \frown on input line 172.
LaTeX Font Info:    Redeclaring math accent \dot on input line 193.
LaTeX Font Info:    Redeclaring math accent \ddot on input line 195.
LaTeX Font Info:    Redeclaring math symbol \setminus on input line 218.
LaTeX Font Info:    Redeclaring math symbol \mid on input line 222.
LaTeX Font Info:    Redeclaring math symbol \forall on input line 279.
LaTeX Font Info:    Redeclaring math symbol \partial on input line 281.
LaTeX Font Info:    Redeclaring math symbol \exists on input line 284.
LaTeX Font Info:    Redeclaring math symbol \emptyset on input line 288.
LaTeX Font Info:    Redeclaring math symbol \top on input line 290.
LaTeX Font Info:    Redeclaring math symbol \bot on input line 291.
LaTeX Font Info:    Redeclaring math symbol \perp on input line 292.
LaTeX Font Info:    Redeclaring math symbol \in on input line 299.
LaTeX Font Info:    Redeclaring math symbol \owns on input line 300.
LaTeX Font Info:    Redeclaring math symbol \cap on input line 312.
LaTeX Font Info:    Redeclaring math symbol \cup on input line 313.
LaTeX Font Info:    Redeclaring math symbol \uplus on input line 314.
LaTeX Font Info:    Redeclaring math symbol \sqcap on input line 315.
LaTeX Font Info:    Redeclaring math symbol \sqcup on input line 316.
LaTeX Font Info:    Redeclaring math symbol \wedge on input line 318.
LaTeX Font Info:    Redeclaring math symbol \vee on input line 320.
LaTeX Font Info:    Redeclaring math symbol \subset on input line 344.
LaTeX Font Info:    Redeclaring math symbol \supset on input line 345.
LaTeX Font Info:    Redeclaring math symbol \subseteq on input line 348.
LaTeX Font Info:    Redeclaring math symbol \supseteq on input line 349.
LaTeX Font Info:    Redeclaring math symbol \sqsubseteq on input line 380.
LaTeX Font Info:    Redeclaring math symbol \sqsupseteq on input line 381.
LaTeX Font Info:    Redeclaring math symbol \triangleleft on input line 407.
LaTeX Font Info:    Redeclaring math symbol \triangleright on input line 409.
LaTeX Font Info:    Redeclaring math symbol \leq on input line 439.
LaTeX Font Info:    Redeclaring math symbol \geq on input line 441.
LaTeX Font Info:    Redeclaring math symbol \prec on input line 498.
LaTeX Font Info:    Redeclaring math symbol \succ on input line 499.
LaTeX Font Info:    Redeclaring math symbol \preceq on input line 506.
LaTeX Font Info:    Redeclaring math symbol \succeq on input line 507.
LaTeX Font Info:    Redeclaring math symbol \leftarrow on input line 540.
LaTeX Font Info:    Redeclaring math symbol \rightarrow on input line 542.
LaTeX Font Info:    Redeclaring math symbol \nwarrow on input line 546.
LaTeX Font Info:    Redeclaring math symbol \nearrow on input line 547.
LaTeX Font Info:    Redeclaring math symbol \swarrow on input line 548.
LaTeX Font Info:    Redeclaring math symbol \searrow on input line 549.
LaTeX Font Info:    Redeclaring math symbol \leftrightarrow on input line 550.
LaTeX Font Info:    Redeclaring math symbol \mapstochar on input line 557.
LaTeX Font Info:    Redeclaring math symbol \leftharpoonup on input line 560.
LaTeX Font Info:    Redeclaring math symbol \rightharpoonup on input line 561.
LaTeX Font Info:    Redeclaring math symbol \leftharpoondown on input line 562.
LaTeX Font Info:    Redeclaring math symbol \rightharpoondown on input line 563.
LaTeX Font Info:    Redeclaring math symbol \Leftarrow on input line 575.
LaTeX Font Info:    Redeclaring math symbol \Rightarrow on input line 576.
LaTeX Font Info:    Redeclaring math symbol \Leftrightarrow on input line 579.
LaTeX Font Info:    Redeclaring math symbol \rhook on input line 612.
LaTeX Font Info:    Redeclaring math symbol \lhook on input line 613.
LaTeX Font Info:    Redeclaring math symbol \oplus on input line 658.
LaTeX Font Info:    Redeclaring math symbol \ominus on input line 659.
LaTeX Font Info:    Redeclaring math symbol \otimes on input line 661.
LaTeX Font Info:    Redeclaring math symbol \odot on input line 663.
LaTeX Font Info:    Redeclaring math symbol \oslash on input line 675.
\mayacnter=\count278
\mayacnta=\count279
\mayacntb=\count280
\mayacntc=\count281
\mayawidth=\dimen153
LaTeX Font Info:    Redeclaring math symbol \intop on input line 753.
LaTeX Font Info:    Redeclaring math symbol \ointop on input line 760.
LaTeX Font Info:    Redeclaring math delimiter \lbrace on input line 842.
LaTeX Info: Redefining \{ on input line 846.
LaTeX Font Info:    Redeclaring math delimiter \rbrace on input line 848.
LaTeX Info: Redefining \} on input line 852.
LaTeX Font Info:    Redeclaring math delimiter \langle on input line 858.
LaTeX Font Info:    Redeclaring math delimiter \rangle on input line 859.
LaTeX Font Info:    Redeclaring math delimiter \vert on input line 863.
LaTeX Font Info:    Redeclaring math delimiter \Vert on input line 865.
LaTeX Font Info:    Redeclaring math delimiter \uparrow on input line 868.
LaTeX Font Info:    Redeclaring math delimiter \downarrow on input line 869.
LaTeX Font Info:    Redeclaring math delimiter \updownarrow on input line 870.
LaTeX Font Info:    Redeclaring math delimiter \Uparrow on input line 871.
LaTeX Font Info:    Redeclaring math delimiter \Downarrow on input line 872.
LaTeX Font Info:    Redeclaring math delimiter \Updownarrow on input line 873.
LaTeX Font Info:    Redeclaring math delimiter \lgroup on input line 880.
LaTeX Font Info:    Redeclaring math delimiter \rgroup on input line 881.
LaTeX Font Info:    Redeclaring math delimiter \lceil on input line 882.
LaTeX Font Info:    Redeclaring math delimiter \rceil on input line 883.
LaTeX Font Info:    Redeclaring math delimiter \lfloor on input line 884.
LaTeX Font Info:    Redeclaring math delimiter \rfloor on input line 885.
LaTeX Font Info:    Redeclaring math symbol \braceld on input line 903.
LaTeX Font Info:    Redeclaring math symbol \bracerd on input line 905.
LaTeX Font Info:    Redeclaring math symbol \bracelu on input line 907.
LaTeX Font Info:    Redeclaring math symbol \braceru on input line 909.
LaTeX Font Info:    Redeclaring math accent \widehat on input line 944.
LaTeX Font Info:    Redeclaring math accent \widetilde on input line 946.
)) (/usr/share/texlive/texmf-dist/tex/latex/caption/subcaption.sty
Package: subcaption 2023/07/28 v1.6b Sub-captions (AR)
 (/usr/share/texlive/texmf-dist/tex/latex/caption/caption.sty
Package: caption 2023/08/05 v3.6o Customizing captions (AR)
 (/usr/share/texlive/texmf-dist/tex/latex/caption/caption3.sty
Package: caption3 2023/07/31 v2.4d caption3 kernel (AR)
\caption@tempdima=\dimen154
\captionmargin=\dimen155
\caption@leftmargin=\dimen156
\caption@rightmargin=\dimen157
\caption@width=\dimen158
\caption@indent=\dimen159
\caption@parindent=\dimen160
\caption@hangindent=\dimen161
Package caption Info: Standard document class detected.
)
\c@caption@flags=\count282
\c@continuedfloat=\count283
)
Package caption Info: New subtype `subfigure' on input line 238.
\c@subfigure=\count284
Package caption Info: New subtype `subtable' on input line 238.
\c@subtable=\count285
) (/usr/share/texlive/texmf-dist/tex/latex/dirtytalk/dirtytalk.sty
Package: dirtytalk 2010/11/21 A package making "quoting" easier
 (/usr/share/texlive/texmf-dist/tex/latex/kvoptions/kvoptions.sty
Package: kvoptions 2022-06-15 v3.15 Key value format for package options (HO)
 (/usr/share/texlive/texmf-dist/tex/generic/ltxcmds/ltxcmds.sty
Package: ltxcmds 2023-12-04 v1.26 LaTeX kernel commands for general use (HO)
) (/usr/share/texlive/texmf-dist/tex/latex/kvsetkeys/kvsetkeys.sty
Package: kvsetkeys 2022-10-05 v1.19 Key value parser (HO)
)) (/usr/share/texlive/texmf-dist/tex/latex/base/ifthen.sty
Package: ifthen 2024/03/16 v1.1e Standard LaTeX ifthen package (DPC)
)
\c@dirtytalk@qdepth=\count286
) (/usr/share/texlive/texmf-dist/tex/latex/hyperref/hyperref.sty
Package: hyperref 2024-11-05 v7.01l Hypertext links for LaTeX
 (/usr/share/texlive/texmf-dist/tex/generic/kvdefinekeys/kvdefinekeys.sty
Package: kvdefinekeys 2019-12-19 v1.6 Define keys (HO)
) (/usr/share/texlive/texmf-dist/tex/generic/pdfescape/pdfescape.sty
Package: pdfescape 2019/12/09 v1.15 Implements pdfTeX's escape features (HO)
 (/usr/share/texlive/texmf-dist/tex/generic/pdftexcmds/pdftexcmds.sty
Package: pdftexcmds 2020-06-27 v0.33 Utility functions of pdfTeX for LuaTeX (HO)
 (/usr/share/texlive/texmf-dist/tex/generic/infwarerr/infwarerr.sty
Package: infwarerr 2019/12/03 v1.5 Providing info/warning/error messages (HO)
)
Package pdftexcmds Info: \pdf@primitive is available.
Package pdftexcmds Info: \pdf@ifprimitive is available.
Package pdftexcmds Info: \pdfdraftmode found.
)) (/usr/share/texlive/texmf-dist/tex/latex/hycolor/hycolor.sty
Package: hycolor 2020-01-27 v1.10 Color options for hyperref/bookmark (HO)
) (/usr/share/texlive/texmf-dist/tex/latex/hyperref/nameref.sty
Package: nameref 2023-11-26 v2.56 Cross-referencing by name of section
 (/usr/share/texlive/texmf-dist/tex/latex/refcount/refcount.sty
Package: refcount 2019/12/15 v3.6 Data extraction from label references (HO)
) (/usr/share/texlive/texmf-dist/tex/generic/gettitlestring/gettitlestring.sty
Package: gettitlestring 2019/12/15 v1.6 Cleanup title references (HO)
)
\c@section@level=\count287
) (/usr/share/texlive/texmf-dist/tex/latex/etoolbox/etoolbox.sty
Package: etoolbox 2025/02/11 v2.5l e-TeX tools for LaTeX (JAW)
\etb@tempcnta=\count288
) (/usr/share/texlive/texmf-dist/tex/generic/stringenc/stringenc.sty
Package: stringenc 2019/11/29 v1.12 Convert strings between diff. encodings (HO)
)
\@linkdim=\dimen162
\Hy@linkcounter=\count289
\Hy@pagecounter=\count290
 (/usr/share/texlive/texmf-dist/tex/latex/hyperref/pd1enc.def
File: pd1enc.def 2024-11-05 v7.01l Hyperref: PDFDocEncoding definition (HO)
Now handling font encoding PD1 ...
... no UTF-8 mapping file for font encoding PD1
) (/usr/share/texlive/texmf-dist/tex/generic/intcalc/intcalc.sty
Package: intcalc 2019/12/15 v1.3 Expandable calculations with integers (HO)
)
\Hy@SavedSpaceFactor=\count291
 (/usr/share/texlive/texmf-dist/tex/latex/hyperref/puenc.def
File: puenc.def 2024-11-05 v7.01l Hyperref: PDF Unicode definition (HO)
Now handling font encoding PU ...
... no UTF-8 mapping file for font encoding PU
 (/usr/share/texlive/texmf-dist/tex/latex/greek-fontenc/puenc-greek.def
File: puenc-greek.def 2023-09-12 2.5 Greek LICRs for PDF strings
 (/usr/share/texlive/texmf-dist/tex/latex/greek-fontenc/greek-fontenc.def
File: greek-fontenc.def 2023-09-12 2.5 Common Greek font encoding definitions
)))
Package hyperref Info: Hyper figures OFF on input line 4157.
Package hyperref Info: Link nesting OFF on input line 4162.
Package hyperref Info: Hyper index ON on input line 4165.
Package hyperref Info: Plain pages OFF on input line 4172.
Package hyperref Info: Backreferencing OFF on input line 4177.
Package hyperref Info: Implicit mode ON; LaTeX internals redefined.
Package hyperref Info: Bookmarks ON on input line 4424.
\c@Hy@tempcnt=\count292
 (/usr/share/texlive/texmf-dist/tex/latex/url/url.sty
\Urlmuskip=\muskip17
Package: url 2013/09/16  ver 3.4  Verb mode for urls, etc.
)
LaTeX Info: Redefining \url on input line 4763.
\XeTeXLinkMargin=\dimen163
 (/usr/share/texlive/texmf-dist/tex/generic/bitset/bitset.sty
Package: bitset 2019/12/09 v1.3 Handle bit-vector datatype (HO)
 (/usr/share/texlive/texmf-dist/tex/generic/bigintcalc/bigintcalc.sty
Package: bigintcalc 2019/12/15 v1.5 Expandable calculations on big integers (HO)
))
\Fld@menulength=\count293
\Field@Width=\dimen164
\Fld@charsize=\dimen165
Package hyperref Info: Hyper figures OFF on input line 6042.
Package hyperref Info: Link nesting OFF on input line 6047.
Package hyperref Info: Hyper index ON on input line 6050.
Package hyperref Info: backreferencing OFF on input line 6057.
Package hyperref Info: Link coloring OFF on input line 6062.
Package hyperref Info: Link coloring with OCG OFF on input line 6067.
Package hyperref Info: PDF/A mode OFF on input line 6072.
 (/usr/share/texlive/texmf-dist/tex/latex/base/atbegshi-ltx.sty
Package: atbegshi-ltx 2021/01/10 v1.0c Emulation of the original atbegshi
package with kernel methods
)
\Hy@abspage=\count294
\c@Item=\count295
\c@Hfootnote=\count296
)
Package hyperref Info: Driver (autodetected): hpdftex.
 (/usr/share/texlive/texmf-dist/tex/latex/hyperref/hpdftex.def
File: hpdftex.def 2024-11-05 v7.01l Hyperref driver for pdfTeX
 (/usr/share/texlive/texmf-dist/tex/latex/base/atveryend-ltx.sty
Package: atveryend-ltx 2020/08/19 v1.0a Emulation of the original atveryend package
with kernel methods
)
\Fld@listcount=\count297
\c@bookmark@seq@number=\count298
 (/usr/share/texlive/texmf-dist/tex/latex/rerunfilecheck/rerunfilecheck.sty
Package: rerunfilecheck 2022-07-10 v1.10 Rerun checks for auxiliary files (HO)
 (/usr/share/texlive/texmf-dist/tex/generic/uniquecounter/uniquecounter.sty
Package: uniquecounter 2019/12/15 v1.4 Provide unlimited unique counter (HO)
)
Package uniquecounter Info: New unique counter `rerunfilecheck' on input line 285.
)
\Hy@SectionHShift=\skip51
) (/usr/share/texlive/texmf-dist/tex/latex/comment/comment.sty
\CommentStream=\write3
 Excluding comment 'comment') (/usr/share/texlive/texmf-dist/tex/latex/float/float.sty
Package: float 2001/11/08 v1.3d Float enhancements (AL)
\c@float@type=\count299
\float@exts=\toks19
\float@box=\box52
\@float@everytoks=\toks20
\@floatcapt=\box53
) (/usr/share/texlive/texmf-dist/tex/latex/tools/indentfirst.sty
Package: indentfirst 2023/07/02 v1.03 Indent first paragraph (DPC)
) (/usr/share/texlive/texmf-dist/tex/latex/l3backend/l3backend-pdftex.def
File: l3backend-pdftex.def 2024-05-08 L3 backend support: PDF output (pdfTeX)
\l__color_backend_stack_int=\count300
\l__pdf_internal_box=\box54
) (./report.aux
LaTeX Font Info:    Trying to load font information for LGR+cmr on input line 7.
 (/usr/share/texlive/texmf-dist/tex/latex/cbfonts-fd/lgrcmr.fd
File: lgrcmr.fd 2017/07/29 v1.2 Greek European Computer Regular
)

LaTeX Warning: Label `' multiply defined.


LaTeX Warning: Label `sub@' multiply defined.


LaTeX Warning: Label `' multiply defined.


LaTeX Warning: Label `sub@' multiply defined.


LaTeX Warning: Label `' multiply defined.


LaTeX Warning: Label `sub@' multiply defined.


LaTeX Warning: Label `' multiply defined.


LaTeX Warning: Label `sub@' multiply defined.


LaTeX Warning: Label `' multiply defined.


LaTeX Warning: Label `sub@' multiply defined.


LaTeX Warning: Label `' multiply defined.


LaTeX Warning: Label `sub@' multiply defined.


LaTeX Warning: Label `' multiply defined.


LaTeX Warning: Label `sub@' multiply defined.


LaTeX Warning: Label `' multiply defined.


LaTeX Warning: Label `sub@' multiply defined.


LaTeX Warning: Label `' multiply defined.


LaTeX Warning: Label `sub@' multiply defined.


LaTeX Warning: Label `' multiply defined.


LaTeX Warning: Label `sub@' multiply defined.


LaTeX Warning: Label `' multiply defined.


LaTeX Warning: Label `' multiply defined.


LaTeX Warning: Label `sub@' multiply defined.


LaTeX Warning: Label `' multiply defined.


LaTeX Warning: Label `sub@' multiply defined.


LaTeX Warning: Label `' multiply defined.


LaTeX Warning: Label `sub@' multiply defined.


LaTeX Warning: Label `' multiply defined.


LaTeX Warning: Label `sub@' multiply defined.


LaTeX Warning: Label `' multiply defined.


LaTeX Warning: Label `sub@' multiply defined.


LaTeX Warning: Label `' multiply defined.


LaTeX Warning: Label `sub@' multiply defined.


LaTeX Warning: Label `' multiply defined.


LaTeX Warning: Label `sub@' multiply defined.


LaTeX Warning: Label `' multiply defined.


LaTeX Warning: Label `sub@' multiply defined.


LaTeX Warning: Label `' multiply defined.


LaTeX Warning: Label `sub@' multiply defined.


LaTeX Warning: Label `' multiply defined.


LaTeX Warning: Label `sub@' multiply defined.


LaTeX Warning: Label `' multiply defined.


LaTeX Warning: Label `' multiply defined.


LaTeX Warning: Label `sub@' multiply defined.


LaTeX Warning: Label `' multiply defined.


LaTeX Warning: Label `sub@' multiply defined.


LaTeX Warning: Label `' multiply defined.


LaTeX Warning: Label `sub@' multiply defined.


LaTeX Warning: Label `' multiply defined.


LaTeX Warning: Label `sub@' multiply defined.


LaTeX Warning: Label `' multiply defined.


LaTeX Warning: Label `' multiply defined.


LaTeX Warning: Label `sub@' multiply defined.


LaTeX Warning: Label `' multiply defined.


LaTeX Warning: Label `sub@' multiply defined.


LaTeX Warning: Label `' multiply defined.


LaTeX Warning: Label `sub@' multiply defined.


LaTeX Warning: Label `' multiply defined.


LaTeX Warning: Label `sub@' multiply defined.


LaTeX Warning: Label `' multiply defined.


LaTeX Warning: Label `sub@' multiply defined.


LaTeX Warning: Label `' multiply defined.


LaTeX Warning: Label `sub@' multiply defined.


LaTeX Warning: Label `' multiply defined.


LaTeX Warning: Label `sub@' multiply defined.


LaTeX Warning: Label `' multiply defined.


LaTeX Warning: Label `sub@' multiply defined.


LaTeX Warning: Label `' multiply defined.


LaTeX Warning: Label `sub@' multiply defined.


LaTeX Warning: Label `' multiply defined.


LaTeX Warning: Label `sub@' multiply defined.


LaTeX Warning: Label `' multiply defined.


LaTeX Warning: Label `sub@' multiply defined.


LaTeX Warning: Label `' multiply defined.


LaTeX Warning: Label `sub@' multiply defined.

)
\openout1 = `report.aux'.

LaTeX Font Info:    Checking defaults for OML/cmm/m/it on input line 32.
LaTeX Font Info:    ... okay on input line 32.
LaTeX Font Info:    Checking defaults for OMS/cmsy/m/n on input line 32.
LaTeX Font Info:    ... okay on input line 32.
LaTeX Font Info:    Checking defaults for OT1/cmr/m/n on input line 32.
LaTeX Font Info:    ... okay on input line 32.
LaTeX Font Info:    Checking defaults for T1/cmr/m/n on input line 32.
LaTeX Font Info:    ... okay on input line 32.
LaTeX Font Info:    Checking defaults for TS1/cmr/m/n on input line 32.
LaTeX Font Info:    ... okay on input line 32.
LaTeX Font Info:    Checking defaults for OMX/cmex/m/n on input line 32.
LaTeX Font Info:    ... okay on input line 32.
LaTeX Font Info:    Checking defaults for U/mathx/m/n on input line 32.
LaTeX Font Info:    ... okay on input line 32.
LaTeX Font Info:    Checking defaults for LGR/cmr/m/n on input line 32.
LaTeX Font Info:    ... okay on input line 32.
LaTeX Font Info:    Checking defaults for PD1/pdf/m/n on input line 32.
LaTeX Font Info:    ... okay on input line 32.
LaTeX Font Info:    Checking defaults for PU/pdf/m/n on input line 32.
LaTeX Font Info:    ... okay on input line 32.

*geometry* driver: auto-detecting
*geometry* detected driver: pdftex
*geometry* verbose mode - [ preamble ] result:
* driver: pdftex
* paper: a4paper
* layout: <same size as paper>
* layoutoffset:(h,v)=(0.0pt,0.0pt)
* modes: 
* h-part:(L,W,R)=(56.9055pt, 483.69684pt, 56.90553pt)
* v-part:(T,H,B)=(56.9055pt, 731.23582pt, 56.90552pt)
* \paperwidth=597.50787pt
* \paperheight=845.04684pt
* \textwidth=483.69684pt
* \textheight=731.23582pt
* \oddsidemargin=-15.36449pt
* \evensidemargin=-15.36449pt
* \topmargin=-52.36449pt
* \headheight=12.0pt
* \headsep=25.0pt
* \topskip=11.0pt
* \footskip=30.0pt
* \marginparwidth=59.0pt
* \marginparsep=10.0pt
* \columnsep=10.0pt
* \skip\footins=10.0pt plus 4.0pt minus 2.0pt
* \hoffset=0.0pt
* \voffset=0.0pt
* \mag=1000
* \@twocolumnfalse
* \@twosidefalse
* \@mparswitchfalse
* \@reversemarginfalse
* (1in=72.27pt=25.4mm, 1cm=28.453pt)

(/usr/share/texlive/texmf-dist/tex/context/base/mkii/supp-pdf.mkii
[Loading MPS to PDF converter (version 2006.09.02).]
\scratchcounter=\count301
\scratchdimen=\dimen166
\scratchbox=\box55
\nofMPsegments=\count302
\nofMParguments=\count303
\everyMPshowfont=\toks21
\MPscratchCnt=\count304
\MPscratchDim=\dimen167
\MPnumerator=\count305
\makeMPintoPDFobject=\count306
\everyMPtoPDFconversion=\toks22
) (/usr/share/texlive/texmf-dist/tex/latex/epstopdf-pkg/epstopdf-base.sty
Package: epstopdf-base 2020-01-24 v2.11 Base part for package epstopdf
Package epstopdf-base Info: Redefining graphics rule for `.eps' on input line 485.
 (/usr/share/texlive/texmf-dist/tex/latex/latexconfig/epstopdf-sys.cfg
File: epstopdf-sys.cfg 2010/07/13 v1.3 Configuration of (r)epstopdf for TeX Live
))
Package caption Info: Begin \AtBeginDocument code.
Package caption Info: float package is loaded.
Package caption Info: hyperref package is loaded.
Package caption Info: End \AtBeginDocument code.
Package hyperref Info: Link coloring OFF on input line 32.
 (./report.out) (./report.out)
\@outlinefile=\write4
\openout4 = `report.out'.

LaTeX Font Info:    External font `cmex10' loaded for size
(Font)              <12> on input line 34.
LaTeX Font Info:    External font `cmex10' loaded for size
(Font)              <8> on input line 34.
LaTeX Font Info:    External font `cmex10' loaded for size
(Font)              <6> on input line 34.
<../figures/ball_good_topo.png, id=52, 502.12593pt x 489.32813pt>
File: ../figures/ball_good_topo.png Graphic file (type png)
<use ../figures/ball_good_topo.png>
Package pdftex.def Info: ../figures/ball_good_topo.png  used on input line 66.
(pdftex.def)             Requested size: 145.11052pt x 141.41618pt.
<../figures/ball_bad_topo.png, id=54, 558.58687pt x 544.28343pt>
File: ../figures/ball_bad_topo.png Graphic file (type png)
<use ../figures/ball_bad_topo.png>
Package pdftex.def Info: ../figures/ball_bad_topo.png  used on input line 72.
(pdftex.def)             Requested size: 145.11052pt x 141.39407pt.
<../figures/ball_ugly_topo.png, id=55, 540.51938pt x 514.92375pt>
File: ../figures/ball_ugly_topo.png Graphic file (type png)
<use ../figures/ball_ugly_topo.png>
Package pdftex.def Info: ../figures/ball_ugly_topo.png  used on input line 78.
(pdftex.def)             Requested size: 145.11052pt x 138.2377pt.


[1

{/var/lib/texmf/fonts/map/pdftex/updmap/pdftex.map}{/usr/share/texmf/fonts/enc/dvips/cm-super/cm-super-ts1.enc} <../figures/ball_good_topo.png> <../figures/ball_bad_topo.png> <../figures/ball_ugly_topo.png>]
<../figures/brick_good_topo.png, id=76, 709.90219pt x 550.30594pt>
File: ../figures/brick_good_topo.png Graphic file (type png)
<use ../figures/brick_good_topo.png>
Package pdftex.def Info: ../figures/brick_good_topo.png  used on input line 117.
(pdftex.def)             Requested size: 241.84842pt x 187.4794pt.

Underfull \hbox (badness 10000) in paragraph at lines 118--118
[]\LGR/cmr/m/n/10 (aþ) |A-po-te-le-Ðtai a-pì te-trˆpleu-ra
 []

<../figures/brick_bad_topo.png, id=77, 811.53188pt x 597.73312pt>
File: ../figures/brick_bad_topo.png Graphic file (type png)
<use ../figures/brick_bad_topo.png>
Package pdftex.def Info: ../figures/brick_bad_topo.png  used on input line 123.
(pdftex.def)             Requested size: 241.84842pt x 178.13564pt.

Overfull \hbox (2.40924pt too wide) in paragraph at lines 115--127
[][] [] 
 []

<../figures/subdiv_good_topo.png, id=78, 724.20563pt x 524.71031pt>
File: ../figures/subdiv_good_topo.png Graphic file (type png)
<use ../figures/subdiv_good_topo.png>
Package pdftex.def Info: ../figures/subdiv_good_topo.png  used on input line 136.
(pdftex.def)             Requested size: 241.84842pt x 175.22058pt.

Underfull \hbox (badness 10000) in paragraph at lines 137--137
[]\LGR/cmr/m/n/10 (aþ) |A-po-te-le-Ðtai a-pì te-trˆpleu-ra
 []

<../figures/subdiv_bad_topo.png, id=79, 721.94719pt x 544.28343pt>
File: ../figures/subdiv_bad_topo.png Graphic file (type png)
<use ../figures/subdiv_bad_topo.png>
Package pdftex.def Info: ../figures/subdiv_bad_topo.png  used on input line 142.
(pdftex.def)             Requested size: 241.84842pt x 182.32985pt.

Overfull \hbox (2.40924pt too wide) in paragraph at lines 134--146
[][] [] 
 []


Package hyperref Warning: Token not allowed in a PDF string (Unicode):
(hyperref)                removing `\<let>-command' on input line 153.


Package hyperref Warning: Token not allowed in a PDF string (Unicode):
(hyperref)                removing `\bbl@hymapsel' on input line 153.


Package hyperref Warning: Token not allowed in a PDF string (Unicode):
(hyperref)                removing `\tw@' on input line 153.


Package hyperref Warning: Token not allowed in a PDF string (Unicode):
(hyperref)                removing `\<def>-command' on input line 153.


Package hyperref Warning: Token not allowed in a PDF string (Unicode):
(hyperref)                removing `\bbl@language@stack' on input line 153.


Package hyperref Warning: Token not allowed in a PDF string (Unicode):
(hyperref)                removing `\aftergroup' on input line 153.


Package hyperref Warning: Token not allowed in a PDF string (Unicode):
(hyperref)                removing `\<def>-command' on input line 153.


Package hyperref Warning: Token not allowed in a PDF string (Unicode):
(hyperref)                removing `\languagename' on input line 153.


Package hyperref Warning: Token not allowed in a PDF string (Unicode):
(hyperref)                removing `\<def>-command' on input line 153.


Package hyperref Warning: Token not allowed in a PDF string (Unicode):
(hyperref)                removing `\bbl@language@stack' on input line 153.


Package hyperref Warning: Token not allowed in a PDF string (Unicode):
(hyperref)                removing `\<let>-command' on input line 153.


Package hyperref Warning: Token not allowed in a PDF string (Unicode):
(hyperref)                removing `\bbl@ifrestoring' on input line 153.


Package hyperref Warning: Token not allowed in a PDF string (Unicode):
(hyperref)                removing `\<let>-command' on input line 153.


Package hyperref Warning: Token not allowed in a PDF string (Unicode):
(hyperref)                removing `\bbl@ifrestoring' on input line 153.


Package hyperref Warning: Token not allowed in a PDF string (Unicode):
(hyperref)                removing `\<let>-command' on input line 153.


Package hyperref Warning: Token not allowed in a PDF string (Unicode):
(hyperref)                removing `\bbl@hymapsel' on input line 153.


Package hyperref Warning: Token not allowed in a PDF string (Unicode):
(hyperref)                removing `\tw@' on input line 153.


Package hyperref Warning: Token not allowed in a PDF string (Unicode):
(hyperref)                removing `\<def>-command' on input line 153.


Package hyperref Warning: Token not allowed in a PDF string (Unicode):
(hyperref)                removing `\bbl@language@stack' on input line 153.


Package hyperref Warning: Token not allowed in a PDF string (Unicode):
(hyperref)                removing `\aftergroup' on input line 153.


Package hyperref Warning: Token not allowed in a PDF string (Unicode):
(hyperref)                removing `\<def>-command' on input line 153.


Package hyperref Warning: Token not allowed in a PDF string (Unicode):
(hyperref)                removing `\languagename' on input line 153.


Package hyperref Warning: Token not allowed in a PDF string (Unicode):
(hyperref)                removing `\<def>-command' on input line 153.


Package hyperref Warning: Token not allowed in a PDF string (Unicode):
(hyperref)                removing `\bbl@language@stack' on input line 153.


Package hyperref Warning: Token not allowed in a PDF string (Unicode):
(hyperref)                removing `\<let>-command' on input line 153.


Package hyperref Warning: Token not allowed in a PDF string (Unicode):
(hyperref)                removing `\bbl@ifrestoring' on input line 153.


Package hyperref Warning: Token not allowed in a PDF string (Unicode):
(hyperref)                removing `\<let>-command' on input line 153.


Package hyperref Warning: Token not allowed in a PDF string (Unicode):
(hyperref)                removing `\bbl@ifrestoring' on input line 153.

<../figures/kitten_CGAL.png, id=81, 564.60938pt x 741.52031pt>
File: ../figures/kitten_CGAL.png Graphic file (type png)
<use ../figures/kitten_CGAL.png>
Package pdftex.def Info: ../figures/kitten_CGAL.png  used on input line 163.
(pdftex.def)             Requested size: 169.29315pt x 222.33334pt.
<../figures/building_large.png, id=82, 708.39656pt x 755.82375pt>
File: ../figures/building_large.png Graphic file (type png)
<use ../figures/building_large.png>
Package pdftex.def Info: ../figures/building_large.png  used on input line 169.
(pdftex.def)             Requested size: 169.29315pt x 180.61716pt.

Overfull \hbox (2.40924pt too wide) in paragraph at lines 161--173
[][] [] 
 []


LaTeX Warning: `!h' float specifier changed to `!ht'.



[2 <../figures/brick_good_topo.png> <../figures/brick_bad_topo.png> <../figures/subdiv_good_topo.png> <../figures/subdiv_bad_topo.png>]
<../figures/geometry_nodes_pointcloud_gen.png, id=97, 570.63188pt x 237.13594pt>
File: ../figures/geometry_nodes_pointcloud_gen.png Graphic file (type png)
<use ../figures/geometry_nodes_pointcloud_gen.png>
Package pdftex.def Info: ../figures/geometry_nodes_pointcloud_gen.png  used on input line 190.
(pdftex.def)             Requested size: 338.5863pt x 140.70503pt.
<../figures/blender_default_cube.png, id=98, 673.76718pt x 524.71031pt>
File: ../figures/blender_default_cube.png Graphic file (type png)
<use ../figures/blender_default_cube.png>
Package pdftex.def Info: ../figures/blender_default_cube.png  used on input line 198.
(pdftex.def)             Requested size: 145.11052pt x 113.00267pt.
<../figures/cude_density_10.png, id=99, 502.87875pt x 457.71pt>
File: ../figures/cude_density_10.png Graphic file (type png)
<use ../figures/cude_density_10.png>
Package pdftex.def Info: ../figures/cude_density_10.png  used on input line 204.
(pdftex.def)             Requested size: 145.11052pt x 132.07599pt.
<../figures/cube_density_200.png, id=100, 548.0475pt x 486.31688pt>
File: ../figures/cube_density_200.png Graphic file (type png)
<use ../figures/cube_density_200.png>
Package pdftex.def Info: ../figures/cube_density_200.png  used on input line 210.
(pdftex.def)             Requested size: 145.11052pt x 128.76204pt.


Package hyperref Warning: Token not allowed in a PDF string (Unicode):
(hyperref)                removing `\<let>-command' on input line 219.


Package hyperref Warning: Token not allowed in a PDF string (Unicode):
(hyperref)                removing `\bbl@hymapsel' on input line 219.


Package hyperref Warning: Token not allowed in a PDF string (Unicode):
(hyperref)                removing `\tw@' on input line 219.


Package hyperref Warning: Token not allowed in a PDF string (Unicode):
(hyperref)                removing `\<def>-command' on input line 219.


Package hyperref Warning: Token not allowed in a PDF string (Unicode):
(hyperref)                removing `\bbl@language@stack' on input line 219.


Package hyperref Warning: Token not allowed in a PDF string (Unicode):
(hyperref)                removing `\aftergroup' on input line 219.


Package hyperref Warning: Token not allowed in a PDF string (Unicode):
(hyperref)                removing `\<def>-command' on input line 219.


Package hyperref Warning: Token not allowed in a PDF string (Unicode):
(hyperref)                removing `\languagename' on input line 219.


Package hyperref Warning: Token not allowed in a PDF string (Unicode):
(hyperref)                removing `\<def>-command' on input line 219.


Package hyperref Warning: Token not allowed in a PDF string (Unicode):
(hyperref)                removing `\bbl@language@stack' on input line 219.


Package hyperref Warning: Token not allowed in a PDF string (Unicode):
(hyperref)                removing `\<let>-command' on input line 219.


Package hyperref Warning: Token not allowed in a PDF string (Unicode):
(hyperref)                removing `\bbl@ifrestoring' on input line 219.


Package hyperref Warning: Token not allowed in a PDF string (Unicode):
(hyperref)                removing `\<let>-command' on input line 219.


Package hyperref Warning: Token not allowed in a PDF string (Unicode):
(hyperref)                removing `\bbl@ifrestoring' on input line 219.


Package hyperref Warning: Token not allowed in a PDF string (Unicode):
(hyperref)                removing `\<let>-command' on input line 225.


Package hyperref Warning: Token not allowed in a PDF string (Unicode):
(hyperref)                removing `\bbl@hymapsel' on input line 225.


Package hyperref Warning: Token not allowed in a PDF string (Unicode):
(hyperref)                removing `\tw@' on input line 225.


Package hyperref Warning: Token not allowed in a PDF string (Unicode):
(hyperref)                removing `\<def>-command' on input line 225.


Package hyperref Warning: Token not allowed in a PDF string (Unicode):
(hyperref)                removing `\bbl@language@stack' on input line 225.


Package hyperref Warning: Token not allowed in a PDF string (Unicode):
(hyperref)                removing `\aftergroup' on input line 225.


Package hyperref Warning: Token not allowed in a PDF string (Unicode):
(hyperref)                removing `\<def>-command' on input line 225.


Package hyperref Warning: Token not allowed in a PDF string (Unicode):
(hyperref)                removing `\languagename' on input line 225.


Package hyperref Warning: Token not allowed in a PDF string (Unicode):
(hyperref)                removing `\<def>-command' on input line 225.


Package hyperref Warning: Token not allowed in a PDF string (Unicode):
(hyperref)                removing `\bbl@language@stack' on input line 225.


Package hyperref Warning: Token not allowed in a PDF string (Unicode):
(hyperref)                removing `\<let>-command' on input line 225.


Package hyperref Warning: Token not allowed in a PDF string (Unicode):
(hyperref)                removing `\bbl@ifrestoring' on input line 225.


Package hyperref Warning: Token not allowed in a PDF string (Unicode):
(hyperref)                removing `\<let>-command' on input line 225.


Package hyperref Warning: Token not allowed in a PDF string (Unicode):
(hyperref)                removing `\bbl@ifrestoring' on input line 225.

<../figures/kitten_Advancing_front.png, id=103, 564.60938pt x 746.79pt>
File: ../figures/kitten_Advancing_front.png Graphic file (type png)
<use ../figures/kitten_Advancing_front.png>
Package pdftex.def Info: ../figures/kitten_Advancing_front.png  used on input line 240.
(pdftex.def)             Requested size: 120.92421pt x 159.94138pt.
<../figures/cylinder_adv_front.png, id=104, 389.95688pt x 746.03719pt>
File: ../figures/cylinder_adv_front.png Graphic file (type png)
<use ../figures/cylinder_adv_front.png>
Package pdftex.def Info: ../figures/cylinder_adv_front.png  used on input line 246.
(pdftex.def)             Requested size: 120.92421pt x 231.33743pt.

Overfull \hbox (2.40924pt too wide) in paragraph at lines 238--250
[][] [] 
 []

<../figures/building_simple_points.png, id=106, 643.6547pt x 433.62pt>
File: ../figures/building_simple_points.png Graphic file (type png)
<use ../figures/building_simple_points.png>
Package pdftex.def Info: ../figures/building_simple_points.png  used on input line 259.
(pdftex.def)             Requested size: 130.59857pt x 87.9796pt.
<../figures/building_adv_front_jagged.png, id=107, 516.42938pt x 706.13812pt>
File: ../figures/building_adv_front_jagged.png Graphic file (type png)
<use ../figures/building_adv_front_jagged.png>
Package pdftex.def Info: ../figures/building_adv_front_jagged.png  used on input line 265.
(pdftex.def)             Requested size: 72.55525pt x 99.20345pt.
<../figures/jagged_correction.png, id=108, 1927.2pt x 1084.05pt>
File: ../figures/jagged_correction.png Graphic file (type png)
<use ../figures/jagged_correction.png>
Package pdftex.def Info: ../figures/jagged_correction.png  used on input line 272.
(pdftex.def)             Requested size: 145.11052pt x 81.61452pt.


[3 <../figures/kitten_CGAL.png> <../figures/building_large.png> <../figures/geometry_nodes_pointcloud_gen.png>]

[4 <../figures/blender_default_cube.png> <../figures/cude_density_10.png> <../figures/cube_density_200.png> <../figures/kitten_Advancing_front.png> <../figures/cylinder_adv_front.png> <../figures/building_simple_points.png> <../figures/building_adv_front_jagged.png> <../figures/jagged_correction.png>]
<../figures/adv_front_noise.png, id=137, 1107.38719pt x 658.71094pt>
File: ../figures/adv_front_noise.png Graphic file (type png)
<use ../figures/adv_front_noise.png>
Package pdftex.def Info: ../figures/adv_front_noise.png  used on input line 308.
(pdftex.def)             Requested size: 241.84842pt x 143.85143pt.


Package hyperref Warning: Token not allowed in a PDF string (Unicode):
(hyperref)                removing `\<let>-command' on input line 316.


Package hyperref Warning: Token not allowed in a PDF string (Unicode):
(hyperref)                removing `\bbl@hymapsel' on input line 316.


Package hyperref Warning: Token not allowed in a PDF string (Unicode):
(hyperref)                removing `\tw@' on input line 316.


Package hyperref Warning: Token not allowed in a PDF string (Unicode):
(hyperref)                removing `\<def>-command' on input line 316.


Package hyperref Warning: Token not allowed in a PDF string (Unicode):
(hyperref)                removing `\bbl@language@stack' on input line 316.


Package hyperref Warning: Token not allowed in a PDF string (Unicode):
(hyperref)                removing `\aftergroup' on input line 316.


Package hyperref Warning: Token not allowed in a PDF string (Unicode):
(hyperref)                removing `\<def>-command' on input line 316.


Package hyperref Warning: Token not allowed in a PDF string (Unicode):
(hyperref)                removing `\languagename' on input line 316.


Package hyperref Warning: Token not allowed in a PDF string (Unicode):
(hyperref)                removing `\<def>-command' on input line 316.


Package hyperref Warning: Token not allowed in a PDF string (Unicode):
(hyperref)                removing `\bbl@language@stack' on input line 316.


Package hyperref Warning: Token not allowed in a PDF string (Unicode):
(hyperref)                removing `\<let>-command' on input line 316.


Package hyperref Warning: Token not allowed in a PDF string (Unicode):
(hyperref)                removing `\bbl@ifrestoring' on input line 316.


Package hyperref Warning: Token not allowed in a PDF string (Unicode):
(hyperref)                removing `\<let>-command' on input line 316.


Package hyperref Warning: Token not allowed in a PDF string (Unicode):
(hyperref)                removing `\bbl@ifrestoring' on input line 316.

LaTeX Font Info:    External font `cmex10' loaded for size
(Font)              <10.95> on input line 329.
<../figures/kitten_Poisson.png, id=138, 410.2828pt x 505.89pt>
File: ../figures/kitten_Poisson.png Graphic file (type png)
<use ../figures/kitten_Poisson.png>
Package pdftex.def Info: ../figures/kitten_Poisson.png  used on input line 360.
(pdftex.def)             Requested size: 120.92421pt x 149.0973pt.
<../figures/kitten_Poisson_wireframe.png, id=139, 374.14781pt x 526.21594pt>
File: ../figures/kitten_Poisson_wireframe.png Graphic file (type png)
<use ../figures/kitten_Poisson_wireframe.png>
Package pdftex.def Info: ../figures/kitten_Poisson_wireframe.png  used on input line 366.
(pdftex.def)             Requested size: 120.92421pt x 170.07068pt.

Overfull \hbox (2.40924pt too wide) in paragraph at lines 358--370
[][] [] 
 []



[5 <../figures/adv_front_noise.png>]
<../figures/building_large_Poisson_default.png, id=153, 1032.10594pt x 520.19344pt>
File: ../figures/building_large_Poisson_default.png Graphic file (type png)
<use ../figures/building_large_Poisson_default.png>
Package pdftex.def Info: ../figures/building_large_Poisson_default.png  used on input line 382.
(pdftex.def)             Requested size: 290.22105pt x 146.2723pt.
<../figures/ball_Poisson.png, id=155, 619.56468pt x 564.60938pt>
File: ../figures/ball_Poisson.png Graphic file (type png)
<use ../figures/ball_Poisson.png>
Package pdftex.def Info: ../figures/ball_Poisson.png  used on input line 396.
(pdftex.def)             Requested size: 145.11052pt x 132.23521pt.
<../figures/ball_Poisson_topology.png, id=156, 910.90312pt x 516.42938pt>
File: ../figures/ball_Poisson_topology.png Graphic file (type png)
<use ../figures/ball_Poisson_topology.png>
Package pdftex.def Info: ../figures/ball_Poisson_topology.png  used on input line 402.
(pdftex.def)             Requested size: 145.11052pt x 82.2679pt.

Overfull \hbox (2.40924pt too wide) in paragraph at lines 394--406
[][] [] 
 []



[6 <../figures/kitten_Poisson.png> <../figures/kitten_Poisson_wireframe.png> <../figures/building_large_Poisson_default.png> <../figures/ball_Poisson.png> <../figures/ball_Poisson_topology.png>]
<../figures/torus_500_points.png, id=170, 640.64343pt x 437.38406pt>
File: ../figures/torus_500_points.png Graphic file (type png)
<use ../figures/torus_500_points.png>
Package pdftex.def Info: ../figures/torus_500_points.png  used on input line 422.
(pdftex.def)             Requested size: 145.11052pt x 99.06787pt.
<../figures/torus_500_Poisson.png, id=171, 697.8572pt x 549.55313pt>
File: ../figures/torus_500_Poisson.png Graphic file (type png)
<use ../figures/torus_500_Poisson.png>
Package pdftex.def Info: ../figures/torus_500_Poisson.png  used on input line 428.
(pdftex.def)             Requested size: 145.11052pt x 114.26913pt.

Overfull \hbox (2.40924pt too wide) in paragraph at lines 420--432
[][] [] 
 []

<../figures/torus_40_points.png, id=172, 652.68843pt x 447.17062pt>
File: ../figures/torus_40_points.png Graphic file (type png)
<use ../figures/torus_40_points.png>
Package pdftex.def Info: ../figures/torus_40_points.png  used on input line 435.
(pdftex.def)             Requested size: 145.11052pt x 99.41496pt.
<../figures/torus_40_Poisson.png, id=173, 626.34pt x 459.21562pt>
File: ../figures/torus_40_Poisson.png Graphic file (type png)
<use ../figures/torus_40_Poisson.png>
Package pdftex.def Info: ../figures/torus_40_Poisson.png  used on input line 441.
(pdftex.def)             Requested size: 145.11052pt x 106.38814pt.

Overfull \hbox (2.40924pt too wide) in paragraph at lines 433--445
[][] [] 
 []

<../figures/torus_10_points.png, id=174, 694.84593pt x 444.91219pt>
File: ../figures/torus_10_points.png Graphic file (type png)
<use ../figures/torus_10_points.png>
Package pdftex.def Info: ../figures/torus_10_points.png  used on input line 448.
(pdftex.def)             Requested size: 145.11052pt x 92.91158pt.
<../figures/torus_10_Poisson.png, id=175, 660.96938pt x 420.06938pt>
File: ../figures/torus_10_Poisson.png Graphic file (type png)
<use ../figures/torus_10_Poisson.png>
Package pdftex.def Info: ../figures/torus_10_Poisson.png  used on input line 454.
(pdftex.def)             Requested size: 145.11052pt x 92.22325pt.

Overfull \hbox (2.40924pt too wide) in paragraph at lines 446--459
[][] [] 
 []

<../figures/dragon_scales_points.png, id=177, 561.59813pt x 502.87875pt>
File: ../figures/dragon_scales_points.png Graphic file (type png)
<use ../figures/dragon_scales_points.png>
Package pdftex.def Info: ../figures/dragon_scales_points.png  used on input line 470.
(pdftex.def)             Requested size: 193.47946pt x 173.2478pt.
<../figures/dragon_scales_Poisson.png, id=178, 715.92468pt x 496.85625pt>
File: ../figures/dragon_scales_Poisson.png Graphic file (type png)
<use ../figures/dragon_scales_Poisson.png>
Package pdftex.def Info: ../figures/dragon_scales_Poisson.png  used on input line 476.
(pdftex.def)             Requested size: 241.84842pt x 167.83716pt.

Overfull \hbox (2.40924pt too wide) in paragraph at lines 468--480
[][] [] 
 []


Package hyperref Warning: Token not allowed in a PDF string (Unicode):
(hyperref)                removing `\<let>-command' on input line 488.


Package hyperref Warning: Token not allowed in a PDF string (Unicode):
(hyperref)                removing `\bbl@hymapsel' on input line 488.


Package hyperref Warning: Token not allowed in a PDF string (Unicode):
(hyperref)                removing `\tw@' on input line 488.


Package hyperref Warning: Token not allowed in a PDF string (Unicode):
(hyperref)                removing `\<def>-command' on input line 488.


Package hyperref Warning: Token not allowed in a PDF string (Unicode):
(hyperref)                removing `\bbl@language@stack' on input line 488.


Package hyperref Warning: Token not allowed in a PDF string (Unicode):
(hyperref)                removing `\aftergroup' on input line 488.


Package hyperref Warning: Token not allowed in a PDF string (Unicode):
(hyperref)                removing `\<def>-command' on input line 488.


Package hyperref Warning: Token not allowed in a PDF string (Unicode):
(hyperref)                removing `\languagename' on input line 488.


Package hyperref Warning: Token not allowed in a PDF string (Unicode):
(hyperref)                removing `\<def>-command' on input line 488.


Package hyperref Warning: Token not allowed in a PDF string (Unicode):
(hyperref)                removing `\bbl@language@stack' on input line 488.


Package hyperref Warning: Token not allowed in a PDF string (Unicode):
(hyperref)                removing `\<let>-command' on input line 488.


Package hyperref Warning: Token not allowed in a PDF string (Unicode):
(hyperref)                removing `\bbl@ifrestoring' on input line 488.


Package hyperref Warning: Token not allowed in a PDF string (Unicode):
(hyperref)                removing `\<let>-command' on input line 488.


Package hyperref Warning: Token not allowed in a PDF string (Unicode):
(hyperref)                removing `\bbl@ifrestoring' on input line 488.



[7 <../figures/torus_500_points.png> <../figures/torus_500_Poisson.png> <../figures/torus_40_points.png> <../figures/torus_40_Poisson.png> <../figures/torus_10_points.png> <../figures/torus_10_Poisson.png>]

[8 <../figures/dragon_scales_points.png> <../figures/dragon_scales_Poisson.png>]
<../figures/cube_extr_kinetic.png, id=201, 790.45313pt x 585.68813pt>
File: ../figures/cube_extr_kinetic.png Graphic file (type png)
<use ../figures/cube_extr_kinetic.png>
Package pdftex.def Info: ../figures/cube_extr_kinetic.png  used on input line 590.
(pdftex.def)             Requested size: 241.84842pt x 179.19316pt.
<../figures/icosahedron_Kinetic.png, id=202, 644.4075pt x 594.72188pt>
File: ../figures/icosahedron_Kinetic.png Graphic file (type png)
<use ../figures/icosahedron_Kinetic.png>
Package pdftex.def Info: ../figures/icosahedron_Kinetic.png  used on input line 596.
(pdftex.def)             Requested size: 241.84842pt x 223.20164pt.

Overfull \hbox (2.40924pt too wide) in paragraph at lines 588--600
[][] [] 
 []

<../figures/Hilbert_cube_points.png, id=203, 621.07031pt x 560.8453pt>
File: ../figures/Hilbert_cube_points.png Graphic file (type png)
<use ../figures/Hilbert_cube_points.png>
Package pdftex.def Info: ../figures/Hilbert_cube_points.png  used on input line 615.
(pdftex.def)             Requested size: 193.47946pt x 174.71602pt.
<../figures/Hilbert_cube_Kinetic.png, id=204, 587.19376pt x 590.205pt>
File: ../figures/Hilbert_cube_Kinetic.png Graphic file (type png)
<use ../figures/Hilbert_cube_Kinetic.png>
Package pdftex.def Info: ../figures/Hilbert_cube_Kinetic.png  used on input line 621.
(pdftex.def)             Requested size: 241.84842pt x 243.08432pt.

Overfull \hbox (2.40924pt too wide) in paragraph at lines 613--625
[][] [] 
 []

<../figures/sphere.png, id=207, 596.2275pt x 557.83406pt>
File: ../figures/sphere.png Graphic file (type png)
<use ../figures/sphere.png>
Package pdftex.def Info: ../figures/sphere.png  used on input line 644.
(pdftex.def)             Requested size: 116.08885pt x 108.61122pt.
<../figures/dense_sphere_Poisson.png, id=208, 673.76718pt x 566.115pt>
File: ../figures/dense_sphere_Poisson.png Graphic file (type png)
<use ../figures/dense_sphere_Poisson.png>
Package pdftex.def Info: ../figures/dense_sphere_Poisson.png  used on input line 650.
(pdftex.def)             Requested size: 145.11052pt x 121.91966pt.
<../figures/dense_sphere_Kinetic.png, id=209, 654.19406pt x 602.25pt>
File: ../figures/dense_sphere_Kinetic.png Graphic file (type png)
<use ../figures/dense_sphere_Kinetic.png>
Package pdftex.def Info: ../figures/dense_sphere_Kinetic.png  used on input line 656.
(pdftex.def)             Requested size: 145.11052pt x 133.58896pt.
<../figures/foam_box_points.png, id=211, 572.89032pt x 539.01375pt>
File: ../figures/foam_box_points.png Graphic file (type png)
<use ../figures/foam_box_points.png>
Package pdftex.def Info: ../figures/foam_box_points.png  used on input line 676.
(pdftex.def)             Requested size: 116.08885pt x 109.2237pt.
<../figures/foam_box_mesh.png, id=212, 602.25pt x 577.40718pt>
File: ../figures/foam_box_mesh.png Graphic file (type png)
<use ../figures/foam_box_mesh.png>
Package pdftex.def Info: ../figures/foam_box_mesh.png  used on input line 682.
(pdftex.def)             Requested size: 145.11052pt x 139.1268pt.
<../figures/foam_box_together.png, id=213, 572.1375pt x 583.42969pt>
File: ../figures/foam_box_together.png Graphic file (type png)
<use ../figures/foam_box_together.png>
Package pdftex.def Info: ../figures/foam_box_together.png  used on input line 688.
(pdftex.def)             Requested size: 145.11052pt x 147.97583pt.


[9]

[10 <../figures/cube_extr_kinetic.png> <../figures/icosahedron_Kinetic.png> <../figures/Hilbert_cube_points.png> <../figures/Hilbert_cube_Kinetic.png>]

[11 <../figures/sphere.png> <../figures/dense_sphere_Poisson.png> <../figures/dense_sphere_Kinetic.png> <../figures/foam_box_points.png> <../figures/foam_box_mesh.png> <../figures/foam_box_together.png>]
<../figures/Kin_degenerecies_ds1.png, id=241, 732.48656pt x 486.31688pt>
File: ../figures/Kin_degenerecies_ds1.png Graphic file (type png)
<use ../figures/Kin_degenerecies_ds1.png>
Package pdftex.def Info: ../figures/Kin_degenerecies_ds1.png  used on input line 716.
(pdftex.def)             Requested size: 116.08885pt x 77.07022pt.
<../figures/Kin_degenerecies_ds2.png, id=242, 496.85625pt x 382.42876pt>
File: ../figures/Kin_degenerecies_ds2.png Graphic file (type png)
<use ../figures/Kin_degenerecies_ds2.png>
Package pdftex.def Info: ../figures/Kin_degenerecies_ds2.png  used on input line 722.
(pdftex.def)             Requested size: 145.11052pt x 111.68927pt.

Underfull \hbox (badness 10000) in paragraph at lines 723--723
[]\LGR/cmr/m/n/10 (bþ) |Pe-rÐer-gec sun-
 []

<../figures/foam_box_degeneracies.png, id=243, 804.00375pt x 541.27219pt>
File: ../figures/foam_box_degeneracies.png Graphic file (type png)
<use ../figures/foam_box_degeneracies.png>
Package pdftex.def Info: ../figures/foam_box_degeneracies.png  used on input line 728.
(pdftex.def)             Requested size: 145.11052pt x 97.68907pt.
<../figures/lans_Kinetic.png, id=244, 630.10406pt x 553.31718pt>
File: ../figures/lans_Kinetic.png Graphic file (type png)
<use ../figures/lans_Kinetic.png>
Package pdftex.def Info: ../figures/lans_Kinetic.png  used on input line 739.
(pdftex.def)             Requested size: 241.84842pt x 212.37344pt.

Package hyperref Warning: Token not allowed in a PDF string (Unicode):
(hyperref)                removing `\<let>-command' on input line 752.


Package hyperref Warning: Token not allowed in a PDF string (Unicode):
(hyperref)                removing `\bbl@hymapsel' on input line 752.


Package hyperref Warning: Token not allowed in a PDF string (Unicode):
(hyperref)                removing `\tw@' on input line 752.


Package hyperref Warning: Token not allowed in a PDF string (Unicode):
(hyperref)                removing `\<def>-command' on input line 752.


Package hyperref Warning: Token not allowed in a PDF string (Unicode):
(hyperref)                removing `\bbl@language@stack' on input line 752.


Package hyperref Warning: Token not allowed in a PDF string (Unicode):
(hyperref)                removing `\aftergroup' on input line 752.


Package hyperref Warning: Token not allowed in a PDF string (Unicode):
(hyperref)                removing `\<def>-command' on input line 752.


Package hyperref Warning: Token not allowed in a PDF string (Unicode):
(hyperref)                removing `\languagename' on input line 752.


Package hyperref Warning: Token not allowed in a PDF string (Unicode):
(hyperref)                removing `\<def>-command' on input line 752.


Package hyperref Warning: Token not allowed in a PDF string (Unicode):
(hyperref)                removing `\bbl@language@stack' on input line 752.


Package hyperref Warning: Token not allowed in a PDF string (Unicode):
(hyperref)                removing `\<let>-command' on input line 752.


Package hyperref Warning: Token not allowed in a PDF string (Unicode):
(hyperref)                removing `\bbl@ifrestoring' on input line 752.


Package hyperref Warning: Token not allowed in a PDF string (Unicode):
(hyperref)                removing `\<let>-command' on input line 752.


Package hyperref Warning: Token not allowed in a PDF string (Unicode):
(hyperref)                removing `\bbl@ifrestoring' on input line 752.



[12 <../figures/Kin_degenerecies_ds1.png> <../figures/Kin_degenerecies_ds2.png> <../figures/foam_box_degeneracies.png> <../figures/lans_Kinetic.png>] (./report.aux)
 ***********
LaTeX2e <2024-11-01> patch level 2
L3 programming layer <2025-01-18>
 ***********


LaTeX Warning: There were multiply-defined labels.

Package rerunfilecheck Info: File `report.out' has not changed.
(rerunfilecheck)             Checksum: 759FAC7981F11CC2E45E844DEA32EA5F;2484.
 ) 
Here is how much of TeX's memory you used:
 14958 strings out of 473197
 250238 string characters out of 5718605
 633456 words of memory out of 5000000
 37992 multiletter control sequences out of 15000+600000
 575156 words of font info for 75 fonts, out of 8000000 for 9000
 1141 hyphenation exceptions out of 8191
 69i,8n,79p,568b,807s stack positions out of 10000i,1000n,20000p,200000b,200000s
</usr/share/texlive/texmf-dist/fonts/type1/public/amsfonts/cm/cmbx10.pfb></usr/share/texlive/texmf-dist/fonts/type1/public/amsfonts/cm/cmbx12.pfb></usr/share/texlive/texmf-dist/fonts/type1/public/amsfonts/cm/cmmi10.pfb></usr/share/texlive/texmf-dist/fonts/type1/public/amsfonts/cm/cmmi6.pfb></usr/share/texlive/texmf-dist/fonts/type1/public/amsfonts/cm/cmmi8.pfb></usr/share/texlive/texmf-dist/fonts/type1/public/amsfonts/cm/cmr10.pfb></usr/share/texlive/texmf-dist/fonts/type1/public/amsfonts/cm/cmr17.pfb></usr/share/texlive/texmf-dist/fonts/type1/public/amsfonts/cm/cmr8.pfb></usr/share/texlive/texmf-dist/fonts/type1/public/amsfonts/cm/cmsy10.pfb></usr/share/texlive/texmf-dist/fonts/type1/public/cbfonts/grmi1095.pfb></usr/share/texlive/texmf-dist/fonts/type1/public/cbfonts/grmn1000.pfb></usr/share/texlive/texmf-dist/fonts/type1/public/cbfonts/grmn1095.pfb></usr/share/texlive/texmf-dist/fonts/type1/public/cbfonts/grmn1200.pfb></usr/share/texlive/texmf-dist/fonts/type1/public/cbfonts/grxn1200.pfb></usr/share/texlive/texmf-dist/fonts/type1/public/cbfonts/grxn1440.pfb></usr/share/texlive/texmf-dist/fonts/type1/public/mathabx-type1/matha10.pfb></usr/share/texlive/texmf-dist/fonts/type1/public/mathabx-type1/matha8.pfb></usr/share/texlive/texmf-dist/fonts/type1/public/mathabx-type1/mathx10.pfb></usr/share/texmf/fonts/type1/public/cm-super/sfrm1095.pfb>
Output written on report.pdf (12 pages, 8648127 bytes).
PDF statistics:
 349 PDF objects out of 1000 (max. 8388607)
 202 compressed objects within 3 object streams
 45 named destinations out of 1000 (max. 500000)
 327 words of extra memory for PDF output out of 10000 (max. 10000000)

